[debug] [2021-12-30T17:46:33.990Z] ----------------------------------------------------------------------
[debug] [2021-12-30T17:46:33.996Z] Command:       C:\Program Files\nodejs\node.exe C:\Users\88017\AppData\Roaming\npm\node_modules\firebase-tools\lib\bin\firebase.js init
[debug] [2021-12-30T17:46:33.997Z] CLI Version:   10.0.1
[debug] [2021-12-30T17:46:33.998Z] Platform:      win32
[debug] [2021-12-30T17:46:33.998Z] Node Version:  v14.17.1
[debug] [2021-12-30T17:46:34.000Z] Time:          Thu Dec 30 2021 23:46:33 GMT+0600 (Bangladesh Standard Time)
[debug] [2021-12-30T17:46:34.000Z] ----------------------------------------------------------------------
[debug] 
[debug] [2021-12-30T17:46:34.024Z] > command requires scopes: ["email","openid","https://www.googleapis.com/auth/cloudplatformprojects.readonly","https://www.googleapis.com/auth/firebase","https://www.googleapis.com/auth/cloud-platform"]
[debug] [2021-12-30T17:46:34.025Z] > authorizing via signed-in user (shuvokoiri89@gmail.com)
[info] 
     ######## #### ########  ######## ########     ###     ######  ########
     ##        ##  ##     ## ##       ##     ##  ##   ##  ##       ##
     ######    ##  ########  ######   ########  #########  ######  ######
     ##        ##  ##    ##  ##       ##     ## ##     ##       ## ##
     ##       #### ##     ## ######## ########  ##     ##  ######  ########

You're about to initialize a Firebase project in this directory:

  G:\bloodBankProject\my-donation

[info] 
=== Project Setup
[info] 
[info] First, let's associate this project directory with a Firebase project.
[info] You can create multiple project aliases by running firebase use --add, 
[info] but for now we'll just set up a default project.
[info] 
[debug] [2021-12-30T17:47:04.519Z] >>> [apiv2][query] GET https://firebase.googleapis.com/v1beta1/projects pageSize=100
[debug] [2021-12-30T17:47:05.453Z] <<< [apiv2][status] GET https://firebase.googleapis.com/v1beta1/projects 200
[debug] [2021-12-30T17:47:05.454Z] <<< [apiv2][body] GET https://firebase.googleapis.com/v1beta1/projects [omitted]
[info] i  Using project laalsaalam-2021 (LaalSaalam) 
[info] 
=== Hosting Setup
[info] 
[info] Your public directory is the folder (relative to your project directory) that
[info] will contain Hosting assets to be uploaded with firebase deploy. If you
[info] have a build process for your assets, use your build's output directory.
[info] 
[debug] [2021-12-30T17:47:55.436Z] >>> [apiv2][query] GET https://www.gstatic.com/firebasejs/releases.json [none]
[debug] [2021-12-30T17:47:55.766Z] <<< [apiv2][status] GET https://www.gstatic.com/firebasejs/releases.json 200
[debug] [2021-12-30T17:47:55.767Z] <<< [apiv2][body] GET https://www.gstatic.com/firebasejs/releases.json {"current":{"version":"9.6.1","browserURL":"https://www.gstatic.com/firebasejs/9.6.1/firebase.js","packageURL":"https://www.gstatic.com/firebasejs/9.6.1/firebase.tgz"},"live":{"version":"9.6","browserURL":"https://www.gstatic.com/firebasejs/live/9.6/firebase.js","packageURL":"https://www.gstatic.com/firebasejs/live/9.6/firebase.tgz"},"components":{"analytics":"https://www.gstatic.com/firebasejs/9.6.1/firebase-analytics.js","app":"https://www.gstatic.com/firebasejs/9.6.1/firebase-app.js","app-check":"https://www.gstatic.com/firebasejs/9.6.1/firebase-app-check.js","auth":"https://www.gstatic.com/firebasejs/9.6.1/firebase-auth.js","auth/cordova":"https://www.gstatic.com/firebasejs/9.6.1/firebase-auth/cordova.js","auth/react-native":"https://www.gstatic.com/firebasejs/9.6.1/firebase-auth/react-native.js","functions":"https://www.gstatic.com/firebasejs/9.6.1/firebase-functions.js","firestore":"https://www.gstatic.com/firebasejs/9.6.1/firebase-firestore.js","firestore/lite":"https://www.gstatic.com/firebasejs/9.6.1/firebase-firestore/lite.js","storage":"https://www.gstatic.com/firebasejs/9.6.1/firebase-storage.js","performance":"https://www.gstatic.com/firebasejs/9.6.1/firebase-performance.js","remote-config":"https://www.gstatic.com/firebasejs/9.6.1/firebase-remote-config.js","messaging":"https://www.gstatic.com/firebasejs/9.6.1/firebase-messaging.js","messaging/sw":"https://www.gstatic.com/firebasejs/9.6.1/firebase-messaging/sw.js","database":"https://www.gstatic.com/firebasejs/9.6.1/firebase-database.js","firestore.memory":"https://www.gstatic.com/firebasejs/9.6.1/firebase-firestore.memory.js"}}
[info] +  Wrote build/index.html 
[info] 
[info] i  Detected a .git folder at G:\bloodBankProject\my-donation 
[info] i  Authorizing with GitHub to upload your service account to a GitHub repository's secrets store. 
[info] 
[info] Visit this URL on this device to log in:
[info] https://github.com/login/oauth/authorize?client_id=89cf50f02ac6aaed3484&state=198395294&redirect_uri=http%3A%2F%2Flocalhost%3A9005&scope=read%3Auser%20repo%20public_repo
[info] 
[info] Waiting for authentication...
[debug] [2021-12-30T17:47:58.834Z] >>> HTTP REQUEST POST https://github.com/login/oauth/access_token  
 {"client_id":"89cf50f02ac6aaed3484","client_secret":"3330d14abc895d9a74d5f17cd7a00711fa2c5bf0","code":"62536c3bacaa30ce6123","redirect_uri":"http://localhost:9005","state":"198395294"}
[debug] [2021-12-30T17:47:59.557Z] <<< HTTP RESPONSE 200 {"server":"GitHub.com","date":"Thu, 30 Dec 2021 17:47:59 GMT","content-type":"application/json; charset=utf-8","transfer-encoding":"chunked","vary":"X-PJAX, X-PJAX-Container, Accept-Encoding, Accept, X-Requested-With","permissions-policy":"interest-cohort=()","etag":"W/\"390644173d388feebd2e9465978f8485\"","cache-control":"max-age=0, private, must-revalidate","strict-transport-security":"max-age=31536000; includeSubdomains; preload","x-frame-options":"deny","x-content-type-options":"nosniff","x-xss-protection":"0","referrer-policy":"origin-when-cross-origin, strict-origin-when-cross-origin","expect-ct":"max-age=2592000, report-uri=\"https://api.github.com/_private/browser/errors\"","content-security-policy":"default-src 'none'; base-uri 'self'; block-all-mixed-content; child-src github.com/assets-cdn/worker/ gist.github.com/assets-cdn/worker/; connect-src 'self' uploads.github.com objects-origin.githubusercontent.com www.githubstatus.com collector.githubapp.com api.github.com github-cloud.s3.amazonaws.com github-production-repository-file-5c1aeb.s3.amazonaws.com github-production-upload-manifest-file-7fdce7.s3.amazonaws.com github-production-user-asset-6210df.s3.amazonaws.com cdn.optimizely.com logx.optimizely.com/v1/events translator.github.com wss://alive.github.com; font-src github.githubassets.com; form-action 'self' github.com gist.github.com objects-origin.githubusercontent.com; frame-ancestors 'none'; frame-src render.githubusercontent.com viewscreen.githubusercontent.com notebooks.githubusercontent.com; img-src 'self' data: github.githubassets.com identicons.github.com collector.githubapp.com github-cloud.s3.amazonaws.com secured-user-images.githubusercontent.com/ *.githubusercontent.com; manifest-src 'self'; media-src github.com user-images.githubusercontent.com/; script-src github.githubassets.com; style-src 'unsafe-inline' github.githubassets.com; worker-src github.com/assets-cdn/worker/ gist.github.com/assets-cdn/worker/","x-github-request-id":"F8F3:336F:3E2733:64A05B:61CDF0CE"}
[debug] [2021-12-30T17:47:59.571Z] >>> [apiv2][query] GET https://api.github.com/user [none]
[debug] [2021-12-30T17:48:00.424Z] <<< [apiv2][status] GET https://api.github.com/user 200
[debug] [2021-12-30T17:48:00.425Z] <<< [apiv2][body] GET https://api.github.com/user {"login":"Shuvoskywalkar","id":67532616,"node_id":"MDQ6VXNlcjY3NTMyNjE2","avatar_url":"https://avatars.githubusercontent.com/u/67532616?v=4","gravatar_id":"","url":"https://api.github.com/users/Shuvoskywalkar","html_url":"https://github.com/Shuvoskywalkar","followers_url":"https://api.github.com/users/Shuvoskywalkar/followers","following_url":"https://api.github.com/users/Shuvoskywalkar/following{/other_user}","gists_url":"https://api.github.com/users/Shuvoskywalkar/gists{/gist_id}","starred_url":"https://api.github.com/users/Shuvoskywalkar/starred{/owner}{/repo}","subscriptions_url":"https://api.github.com/users/Shuvoskywalkar/subscriptions","organizations_url":"https://api.github.com/users/Shuvoskywalkar/orgs","repos_url":"https://api.github.com/users/Shuvoskywalkar/repos","events_url":"https://api.github.com/users/Shuvoskywalkar/events{/privacy}","received_events_url":"https://api.github.com/users/Shuvoskywalkar/received_events","type":"User","site_admin":false,"name":"Shuvo Koiri","company":null,"blog":"https://shuvokoiri.netlify.app/","location":"Sylhet,Bangladesh","email":null,"hireable":null,"bio":"Shuvo Koiri is a Proffesional Web-Developer and Programmer.He is also a growing Graphics Designer & UI expert....but apart from all,He is a Speed Cuber who can ","twitter_username":null,"public_repos":44,"public_gists":0,"followers":0,"following":1,"created_at":"2020-06-28T05:13:13Z","updated_at":"2021-12-29T04:23:17Z","private_gists":0,"total_private_repos":0,"owned_private_repos":0,"disk_usage":165951,"collaborators":0,"two_factor_authentication":false,"plan":{"name":"free","space":976562499,"collaborators":0,"private_repos":10000}}
[info] 
[info] +  Success! Logged into GitHub as Shuvoskywalkar 
[info] 
[debug] [2021-12-30T17:50:28.366Z] >>> [apiv2][query] GET https://api.github.com/repos/https://github.com/Shuvoskywalkar/BloodBankProject.git/actions/secrets/public-key type=owner
[debug] [2021-12-30T17:50:28.943Z] <<< [apiv2][status] GET https://api.github.com/repos/https://github.com/Shuvoskywalkar/BloodBankProject.git/actions/secrets/public-key 404
[debug] [2021-12-30T17:50:28.943Z] <<< [apiv2][body] GET https://api.github.com/repos/https://github.com/Shuvoskywalkar/BloodBankProject.git/actions/secrets/public-key {"message":"Not Found","documentation_url":"https://docs.github.com/rest"}
[debug] [2021-12-30T17:50:50.879Z] >>> [apiv2][query] GET https://api.github.com/repos/https://github.com/Shuvoskywalkar/BloodBankProject.git/actions/secrets/public-key type=owner
[debug] [2021-12-30T17:50:51.392Z] <<< [apiv2][status] GET https://api.github.com/repos/https://github.com/Shuvoskywalkar/BloodBankProject.git/actions/secrets/public-key 404
[debug] [2021-12-30T17:50:51.392Z] <<< [apiv2][body] GET https://api.github.com/repos/https://github.com/Shuvoskywalkar/BloodBankProject.git/actions/secrets/public-key {"message":"Not Found","documentation_url":"https://docs.github.com/rest"}
[debug] [2021-12-30T17:51:06.999Z] >>> [apiv2][query] GET https://api.github.com/repos/https:Shuvoskywalkar/BloodBankProject/actions/secrets/public-key type=owner
[debug] [2021-12-30T17:51:07.523Z] <<< [apiv2][status] GET https://api.github.com/repos/https:Shuvoskywalkar/BloodBankProject/actions/secrets/public-key 404
[debug] [2021-12-30T17:51:07.524Z] <<< [apiv2][body] GET https://api.github.com/repos/https:Shuvoskywalkar/BloodBankProject/actions/secrets/public-key {"message":"Not Found","documentation_url":"https://docs.github.com/rest/reference/actions#get-a-repository-public-key"}
[debug] [2021-12-30T17:51:35.163Z] >>> [apiv2][query] GET https://api.github.com/repos/n/actions/secrets/public-key type=owner
[debug] [2021-12-30T17:51:35.749Z] <<< [apiv2][status] GET https://api.github.com/repos/n/actions/secrets/public-key 404
[debug] [2021-12-30T17:51:35.750Z] <<< [apiv2][body] GET https://api.github.com/repos/n/actions/secrets/public-key {"message":"Not Found","documentation_url":"https://docs.github.com/rest"}
[debug] [2021-12-30T17:51:37.439Z] >>> [apiv2][query] GET https://api.github.com/repos/c/actions/secrets/public-key type=owner
[debug] [2021-12-30T17:51:37.957Z] <<< [apiv2][status] GET https://api.github.com/repos/c/actions/secrets/public-key 404
[debug] [2021-12-30T17:51:37.958Z] <<< [apiv2][body] GET https://api.github.com/repos/c/actions/secrets/public-key {"message":"Not Found","documentation_url":"https://docs.github.com/rest"}
